node:internal/modules/cjs/loader:1252
  throw err;
  ^

Error: Cannot find module '../src/constants/navy'
Require stack:
- C:\Users\badca\Downloads\LOCAL-APPS-2\RankStudy\scripts\ensure-navy-ratings-consistency.js
    at Function._resolveFilename (node:internal/modules/cjs/loader:1249:15)
    at Function._load (node:internal/modules/cjs/loader:1075:27)
    at TracingChannel.traceSync (node:diagnostics_channel:322:14)
    at wrapModuleLoad (node:internal/modules/cjs/loader:219:24)
    at Module.require (node:internal/modules/cjs/loader:1340:12)
    at require (node:internal/modules/helpers:138:16)
    at Object.<anonymous> (C:\Users\badca\Downloads\LOCAL-APPS-2\RankStudy\scripts\ensure-navy-ratings-consistency.js:4:24)
    at Module._compile (node:internal/modules/cjs/loader:1565:14)
    at Object..js (node:internal/modules/cjs/loader:1708:10)
    at Module.load (node:internal/modules/cjs/loader:1318:32) {
  code: 'MODULE_NOT_FOUND',
  requireStack: [
    'C:\\Users\\badca\\Downloads\\LOCAL-APPS-2\\RankStudy\\scripts\\ensure-navy-ratings-consistency.js'
  ]
}

Node.js v22.12.0
